<?xml version="1.0" encoding="UTF-8"?>
<!-- Generated by org.testng.reporters.JUnitReportReporter -->
<testsuite hostname="MSI" failures="0" tests="2" name="qaclickacademy.Mavenjava.RESTAPITest" time="0.010" errors="0" timestamp="24 Apr 2021 18:39:34 GMT" skipped="0">
  <testcase classname="qaclickacademy.Mavenjava.RESTAPITest" name="postJira" time="0.001"/>
  <testcase classname="qaclickacademy.Mavenjava.RESTAPITest" name="deleteTwitter" time="0.009"/>
</testsuite> <!-- qaclickacademy.Mavenjava.RESTAPITest -->
