<?xml version="1.0" encoding="UTF-8"?>
<!-- Generated by org.testng.reporters.JUnitReportReporter -->
<testsuite hostname="MSI" failures="0" tests="1" name="qaclickacademy.Mavenjava.ExtentReportTest" time="5.641" errors="0" timestamp="27 Jul 2020 21:15:29 GMT" skipped="0">
  <testcase classname="qaclickacademy.Mavenjava.ExtentReportTest" name="initialDemo" time="5.641"/>
</testsuite> <!-- qaclickacademy.Mavenjava.ExtentReportTest -->
