<?xml version="1.0" encoding="UTF-8"?>
<!-- Generated by org.testng.reporters.JUnitReportReporter -->
<testsuite hostname="MSI" failures="0" tests="2" name="qaclickacademy.Mavenjava.SeleniumTest" time="0.002" errors="0" timestamp="24 Apr 2021 18:39:34 GMT" skipped="0">
  <testcase classname="qaclickacademy.Mavenjava.SeleniumTest" name="elementsUI" time="0.002"/>
  <testcase classname="qaclickacademy.Mavenjava.SeleniumTest" name="BrowserAutomation" time="0.000"/>
</testsuite> <!-- qaclickacademy.Mavenjava.SeleniumTest -->
